info|2021-04-25 22:22:10.494270|[INITIALIZER][initGlobalConfig],enableCompress=true,compatibilityVersion=2.7.2,versionNumber=34013696,enableStat=false,chainId=1,useSMCrypto=false
info|2021-04-25 22:22:10.494353|[INITIALIZER][SecureInitializer]loading privateKey
info|2021-04-25 22:22:10.510416|[INITIALIZER][SecureInitializer]get pub of node,nodeID=8dc67ab093d9fac1e884346379113684508b74d2ba08c4e83d4d1c24527db8aad1c6701801b584655dced290803daa6830c90a7b409dc94b844bfe007b57a601
info|2021-04-25 22:22:10.510543|[INITIALIZER][SecureInitializer]use user certificate,file=conf//node.crt
info|2021-04-25 22:22:10.511850|[INITIALIZER][SecureInitializer]use ca certificate,file=conf//ca.crt
info|2021-04-25 22:22:10.511901|[INITIALIZER][SecureInitializer]use ca,file=conf//
info|2021-04-25 22:22:10.518481|[NETWORK][Host]P2P StartAccept,Host=0.0.0.0:30300
info|2021-04-25 22:22:10.518504|[P2P][Service] heartBeat,connected count=0
info|2021-04-25 22:22:10.518547|[INITIALIZER][RPCInitializer],network_security.check_cert_issuer=true
info|2021-04-25 22:22:10.525524|[CHANNEL]ChannelRPCServer started
info|2021-04-25 22:22:10.525548|[INITIALIZER][RPCInitializer]ChannelRPCHttpServer started.
info|2021-04-25 22:22:10.525554|[INITIALIZER][LedgerInitializer]initConfig
info|2021-04-25 22:22:10.525561|[LedgerInitializer],groupConfigPath=conf/
info|2021-04-25 22:22:10.526363|[INITIALIZER][initSingleLedger] [GroupId], LedgerConstructor:  1,configFileName=conf/group.1.genesis,dataDir=data/
info|2021-04-25 22:22:10.526450|[g:1][LedgerParam][parseGenesisConfig]initConsensusConfig/initStorageConfig/initTxConfig,configFile=conf/group.1.genesis
info|2021-04-25 22:22:10.526892|[g:1][LedgerParam][initConsensusConfig],type=pbft,consensusTimeout=3,maxTxNum=1000,txGasLimit=300000000
info|2021-04-25 22:22:10.526913|[g:1][LedgerParam][parsePublicKeyListOfSection],sectionName=consensus,it.first=8dc67ab093d9fac1e884346379113684508b74d2ba08c4e83d4d1c24527db8aad1c6701801b584655dced290803daa6830c90a7b409dc94b844bfe007b57a601
info|2021-04-25 22:22:10.526924|[g:1][LedgerParam][parsePublicKeyListOfSection],sectionName=consensus,it.first=58aa140c21987706baa1f0d29172d679c5855fb7ce45947ef329ffcdd582623b0f5bba4aca9e4eafa406c955e9083233bb960caeffae52a41765a5a409cf01a1
info|2021-04-25 22:22:10.526938|[g:1][LedgerParam][parsePublicKeyListOfSection],sectionName=consensus,it.first=323df303e56fbf0a61bb35d92f19d59344bd741cb6f842fb50bcf5394f8ce73e37dfac702d659959def2144bfae82242d93333796cd309fd6d9d88f57aa47171
info|2021-04-25 22:22:10.526952|[g:1][LedgerParam][parsePublicKeyListOfSection],sectionName=consensus,it.first=e2fb6e74f5cec068e63f55ff8f430bad848f4244ecd315a5a96567040a0858c8dbbe2b4d3c4ea3dfd71c2af3852ac7a42b7fb0b359f628b012e9e0374e658f01
info|2021-04-25 22:22:10.526956|[g:1][LedgerParam][parsePublicKeyListOfSection],totalPubKeySize=4
info|2021-04-25 22:22:10.527021|[g:1][LedgerParam][max_block_range],maxBlockRange=0,maxBlockPerProcess=3
info|2021-04-25 22:22:10.527034|[g:1][LedgerParam][parseGenesisConfig],timestamp=1618211863000
info|2021-04-25 22:22:10.527044|[g:1][LedgerParam]setEVMFlags,enableFreeStorageVMSchedule=false,evmFlags=0
info|2021-04-25 22:22:10.527057|[g:1][LedgerParam]store evmFlag,evmFlag=0
info|2021-04-25 22:22:10.527060|[g:1][LedgerParam]store consensus time,consensusTimeout=3
info|2021-04-25 22:22:10.527063|[g:1][LedgerParam][initMark],genesisMark=1-8dc67ab093d9fac1e884346379113684508b74d2ba08c4e83d4d1c24527db8aad1c6701801b584655dced290803daa6830c90a7b409dc94b844bfe007b57a601,58aa140c21987706baa1f0d29172d679c5855fb7ce45947ef329ffcdd582623b0f5bba4aca9e4eafa406c955e9083233bb960caeffae52a41765a5a409cf01a1,323df303e56fbf0a61bb35d92f19d59344bd741cb6f842fb50bcf5394f8ce73e37dfac702d659959def2144bfae82242d93333796cd309fd6d9d88f57aa47171,e2fb6e74f5cec068e63f55ff8f430bad848f4244ecd315a5a96567040a0858c8dbbe2b4d3c4ea3dfd71c2af3852ac7a42b7fb0b359f628b012e9e0374e658f01,-pbft-storage-0-1000-300000000-3
info|2021-04-25 22:22:10.527068|[g:1][LedgerParam][initIniConfig]initTxPoolConfig/initSyncConfig/initTxExecuteConfig,configFile=conf/group.1.ini
info|2021-04-25 22:22:10.527194|[g:1][LedgerParam][initStorageConfig],stateType=storage,storageDB=rocksdb,storagePath=data//group1/block/RocksDB,baseDir=data//group1,dbtype=mysql,dbip=127.0.0.1,dbport=3306,dbcharset=utf8mb4,initconnections=15,maxconnections=50,scrollThreshold=2000
info|2021-04-25 22:22:10.527207|[g:1][LedgerParam][initTxPoolConfig],txPoolLimit=150000,memorySizeLimit(MB)=512,notifyWorkerNum=2
info|2021-04-25 22:22:10.527212|[g:1][LedgerParam][initSyncConfig],idleWaitMs=200
info|2021-04-25 22:22:10.527221|[g:1][LedgerParam][initSyncConfig],enableSendTxsByTree=true,enableSendBlockStatusByTree=true
info|2021-04-25 22:22:10.527226|[g:1][LedgerParam][initSyncConfig],gossipInterval=1000
info|2021-04-25 22:22:10.527233|[g:1][LedgerParam][initSyncConfig],enableSendBlockStatusByTree=true,gossipInterval=1000,gossipPeers=3,syncTreeWidth=3,maxQueueSizeForBlockSync=536870912,txsStatusGossipMaxPeers=5
info|2021-04-25 22:22:10.527237|[g:1][LedgerParam][InitTxExecuteConfig],enableParallel=true
info|2021-04-25 22:22:10.527256|[g:1][LedgerParam][initConsensusIniConfig],maxTTL=2,minBlockGenerationTime=500,enablDynamicBlockSize=true,blockSizeIncreaseRatio=0.5,enableTTLOptimize=true,enablePrepareWithTxsHash=true
info|2021-04-25 22:22:10.528187|[g:1][LedgerParam][initRPBFTConsensusIniConfig],broadcastPrepareByTree=true,prepareStatusBroadcastPercent=33,maxRequestMissedTxsWaitTime=100,maxRequestPrepareWaitTime=100
info|2021-04-25 22:22:10.528198|[g:1][LedgerParam][initFlowControlConfig],maxQPS=9223372036854775807,outGoingBandwidth(Bytes)=9223372036854775807
info|2021-04-25 22:22:10.528203|[g:1][LedgerParam]parseSDKAllowList,sdkAllowList=[],enableSDKAllowListControl=false
info|2021-04-25 22:22:10.528217|[g:1][LEDGER][initLedger][DBInitializer]
info|2021-04-25 22:22:10.528221|[g:1][LEDGER]setSDKAllowList,groupId=1,sdkAllowListSize=0
info|2021-04-25 22:22:10.528492|[g:1][CHANNEL]registerSDKAllowListByGroupId,groupId=1,size=0
info|2021-04-25 22:22:10.528506|[g:1][CHANNEL]Disable group-level sdk permission control for sdk allowlist is empty
info|2021-04-25 22:22:10.528512|[g:1][DBINITIALIZER] [initStorageDB]
info|2021-04-25 22:22:10.528563|[g:1][DBINITIALIZER] [initRocksDBStorage]
info|2021-04-25 22:22:10.529566|[g:1][ROCKSDB]open rocksDB handler,path=data//group1/block/RocksDB
info|2021-04-25 22:22:10.573961|[g:1][g:1][STORAGE][CachedStorage]Init flushStorage thread
info|2021-04-25 22:22:10.575261|[g:1][DBINITIALIZER] [init CachedStorage],maxCapacity=32,maxForwardBlock=10
info|2021-04-25 22:22:10.575282|[g:1][LEDGER][initLedger][initBlockChain]
info|2021-04-25 22:22:10.580430|[g:1][LEDGER]set enableHexBlock to be false,version=34013696
info|2021-04-25 22:22:10.580457|[g:1][BLOCKCHAIN][#checkAndBuildGenesisBlock],shouldBuild=false
info|2021-04-25 22:22:10.584760|[g:1][BLOCKCHAIN][#checkAndBuildGenesisBlock]Already have the 0th block, 0th groupMark is equal to file groupMark.
info|2021-04-25 22:22:10.584785|[g:1][LEDGER][initLedger]initBlockChain SUCC
info|2021-04-25 22:22:10.584846|[g:1][DBINITIALIZER] [createStateFactory],type=storage
info|2021-04-25 22:22:10.584853|[g:1][DBINITIALIZER] createStorageState SUCC
info|2021-04-25 22:22:10.584855|[g:1][DBINITIALIZER] [createStateFactory SUCC]
info|2021-04-25 22:22:10.584857|[g:1][DBINITIALIZER] createExecutiveContext...
info|2021-04-25 22:22:10.584869|[g:1][LEDGER]createGasMetric,vmFlagType=0
info|2021-04-25 22:22:10.584886|[g:1][LEDGER]createGasMetric
info|2021-04-25 22:22:10.584891|[g:1][DBINITIALIZER] create precompiledGasFactory and precompiledResultFactory
info|2021-04-25 22:22:10.584895|[g:1][DBINITIALIZER] createExecutiveContext SUCC
info|2021-04-25 22:22:10.584898|[g:1][DBINITIALIZER] [setSyncNumForCachedStorage],syncNum=0
info|2021-04-25 22:22:10.584902|[g:1][LEDGER][initNetworkBandWidthLimiter: outGoingBandwidthLimit has been disabled],groupId=1
info|2021-04-25 22:22:10.584905|[g:1][LEDGER][QPSLimit has been disabled],groupId=1
info|2021-04-25 22:22:10.584907|[g:1][LEDGER][initLedger][initBlockVerifier]
info|2021-04-25 22:22:10.584913|[g:1][LEDGER][initLedger][initBlockVerifier SUCC],evmFlags=0
info|2021-04-25 22:22:10.584922|[g:1][LEDGER][initLedger][initTxPool],txPoolLimit=150000
info|2021-04-25 22:22:10.585572|[g:1][LEDGER][initLedger]initTxPool SUCC
info|2021-04-25 22:22:10.585585|[g:1][LEDGER][initLedger][initSync],idleWaitMs=200,gossipInterval=1000,gossipPeers=3
info|2021-04-25 22:22:10.585591|[g:1][LEDGER]Init sync master,enableSendBlockStatusByTree=true,enableSendTxsByTree=true
info|2021-04-25 22:22:10.587728|[g:1][LEDGER][initLedger]initSync SUCC
info|2021-04-25 22:22:10.587743|[g:1][LEDGER][initLedger][consensusInitFactory]
info|2021-04-25 22:22:10.588105|[g:1][LEDGER][initLedger][createPBFTSealer]
info|2021-04-25 22:22:10.588118|[g:1][LEDGER][initLedger][createPBFTSealer],baseDir=data//group1,Protocol=65544
info|2021-04-25 22:22:10.588128|[g:1][LEDGER][initLedger]createPBFTSealer for PBFT or rPBFT,consensusType=pbft
info|2021-04-25 22:22:10.588131|[g:1][LEDGER]createConsensusEngine: create PBFTEngine
info|2021-04-25 22:22:10.588196|[g:1][CONSENSUS][PBFT]Register handler for PBFTEngine
info|2021-04-25 22:22:10.594332|[g:1][CONSENSUS][PBFT]setMinBlockGenerationTime,minBlockGenerationTime=500,consensusTime=1000
info|2021-04-25 22:22:10.594357|[g:1][LEDGER][initEventLogFilterManager]initEventLogFilterManager SUCC
info|2021-04-25 22:22:10.594362|[LedgerInitializer init group succ],groupID=1
info|2021-04-25 22:22:10.597266|[INITIALIZER][RPCInitializer JsonrpcHttpServer started],jsonrpc_IP=127.0.0.1,jsonrpc_listen_port=8545,ipv6=false
info|2021-04-25 22:22:10.597294|[g:1][LEDGER]startAll...
info|2021-04-25 22:22:10.598565|[g:1][GossipBlockStatus]start GossipBlockStatus succ
info|2021-04-25 22:22:10.600376|[g:1][CONSENSUS][ConsensusEngine][Start ConsensusEngineBase]
info|2021-04-25 22:22:10.600791|[g:1][CONSENSUS][PBFT]^^^^^^^^Report,num=0,sealerIdx=0,hash=4748d52a...,next=1,tx=0,nodeIdx=2
info|2021-04-25 22:22:10.600845|[g:1][ROCKSDB]open rocksDB handler,path=data//group1/pbftMsgBackup/RocksDB
info|2021-04-25 22:22:10.628832|[g:1][CONSENSUS][PBFT][PBFT init env successfully]
info|2021-04-25 22:22:10.628881|[g:1][CONSENSUS][PBFT][Start PBFTEngine...]
info|2021-04-25 22:22:10.628896|[g:1][CONSENSUS][SEALER][Start sealer module]
info|2021-04-25 22:22:10.629043|[g:1][CONSENSUS][PBFT]^^^^^^^^Report,num=0,sealerIdx=0,hash=4748d52a...,next=1,tx=0,nodeIdx=2
info|2021-04-25 22:22:10.633067|[g:1][EVENT][EventLogFilterManager]start,m_maxBlockRange=0,m_maxBlockPerLoopFilter=3
warning|2021-04-25 22:22:13.624817|[g:1][CONSENSUS][PBFT]ViewChangeWarning: not caused by omit empty block ,v=0,toV=1,curNum=0,hash=4748d52a...,nodeIdx=2,myNode=8dc67ab0...
warning|2021-04-25 22:22:13.625075|[g:1][CONSENSUS][PBFT]Find disconnectedNode,disconnectedNodeSize=3,sessionSize=0,minValidNodes=3,connectedNodeList=,disconnectedNode=323df303..., 58aa140c..., e2fb6e74..., ,idx=2
info|2021-04-25 22:22:13.625141|[g:1][CONSENSUS][PBFT]checkTimeout Succ,view=0,toView=1,nodeIdx=2,changeCycle=1,myNode=8dc67ab0...,timecost=15.504
warning|2021-04-25 22:22:18.110088|[g:1][CONSENSUS][PBFT]ViewChangeWarning: not caused by omit empty block ,v=0,toV=2,curNum=0,hash=4748d52a...,nodeIdx=2,myNode=8dc67ab0...
warning|2021-04-25 22:22:18.110238|[g:1][CONSENSUS][PBFT]Find disconnectedNode,disconnectedNodeSize=3,sessionSize=0,minValidNodes=3,connectedNodeList=,disconnectedNode=323df303..., 58aa140c..., e2fb6e74..., ,idx=2
info|2021-04-25 22:22:18.110278|[g:1][CONSENSUS][PBFT]checkTimeout Succ,view=0,toView=2,nodeIdx=2,changeCycle=2,myNode=8dc67ab0...,timecost=0.908
info|2021-04-25 22:22:20.518653|[P2P][Service] heartBeat,connected count=0
warning|2021-04-25 22:22:24.862172|[g:1][CONSENSUS][PBFT]ViewChangeWarning: not caused by omit empty block ,v=0,toV=3,curNum=0,hash=4748d52a...,nodeIdx=2,myNode=8dc67ab0...
warning|2021-04-25 22:22:24.862209|[g:1][CONSENSUS][PBFT]Find disconnectedNode,disconnectedNodeSize=3,sessionSize=0,minValidNodes=3,connectedNodeList=,disconnectedNode=323df303..., 58aa140c..., e2fb6e74..., ,idx=2
info|2021-04-25 22:22:24.862249|[g:1][CONSENSUS][PBFT]checkTimeout Succ,view=0,toView=3,nodeIdx=2,changeCycle=3,myNode=8dc67ab0...,timecost=0.401
info|2021-04-25 22:22:39.876172|[INITIALIZER][initGlobalConfig],enableCompress=true,compatibilityVersion=2.7.2,versionNumber=34013696,enableStat=false,chainId=1,useSMCrypto=false
info|2021-04-25 22:22:39.877373|[INITIALIZER][SecureInitializer]loading privateKey
info|2021-04-25 22:22:39.886738|[INITIALIZER][SecureInitializer]get pub of node,nodeID=8dc67ab093d9fac1e884346379113684508b74d2ba08c4e83d4d1c24527db8aad1c6701801b584655dced290803daa6830c90a7b409dc94b844bfe007b57a601
info|2021-04-25 22:22:39.886884|[INITIALIZER][SecureInitializer]use user certificate,file=conf//node.crt
info|2021-04-25 22:22:39.888348|[INITIALIZER][SecureInitializer]use ca certificate,file=conf//ca.crt
info|2021-04-25 22:22:39.888450|[INITIALIZER][SecureInitializer]use ca,file=conf//
